<?xml version="1.0" encoding="UTF-8"?>
<testng-results ignored="0" total="1" passed="1" failed="0" skipped="0">
  <reporter-output>
  </reporter-output>
  <suite started-at="2023-01-25T11:34:22 IST" name="Default suite" finished-at="2023-01-25T11:34:35 IST" duration-ms="13498">
    <groups>
    </groups>
    <test started-at="2023-01-25T11:34:22 IST" name="Default test" finished-at="2023-01-25T11:34:35 IST" duration-ms="13498">
      <class name="Test.LoginTest">
        <test-method is-config="true" signature="setUp()[pri:0, instance:Test.LoginTest@1bb266b3]" started-at="2023-01-25T11:34:22 IST" name="setUp" finished-at="2023-01-25T11:34:26 IST" duration-ms="4572" status="PASS">
          <reporter-output>
          </reporter-output>
        </test-method> <!-- setUp -->
        <test-method signature="Login()[pri:0, instance:Test.LoginTest@1bb266b3]" started-at="2023-01-25T11:34:26 IST" name="Login" finished-at="2023-01-25T11:34:35 IST" duration-ms="8882" status="PASS">
          <reporter-output>
          </reporter-output>
        </test-method> <!-- Login -->
      </class> <!-- Test.LoginTest -->
    </test> <!-- Default test -->
  </suite> <!-- Default suite -->
</testng-results>
